# JRE version: Java(TM) SE Runtime Environment (8.0_112-b15) (build 1.8.0_112-b15)
# Java VM: Java HotSpot(TM) 64-Bit Server VM (25.112-b15 mixed mode windows-amd64 compressed oops)
Heap:
 PSYoungGen      total 55808K, used 49647K [0x00000007bc400000, 0x00000007c0000000, 0x00000007c0000000)
  eden space 49664K, 95% used [0x00000007bc400000,0x00000007bf253d30,0x00000007bf480000)
  from space 6144K, 35% used [0x00000007bfa00000,0x00000007bfc28000,0x00000007c0000000)
  to   space 5632K, 0% used [0x00000007bf480000,0x00000007bf480000,0x00000007bfa00000)
 ParOldGen       total 161280K, used 106835K [0x0000000700000000, 0x0000000709d80000, 0x00000007bc400000)
  object space 161280K, 66% used [0x0000000700000000,0x0000000706854e30,0x0000000709d80000)
 Metaspace       used 79361K, capacity 80137K, committed 80768K, reserved 1120256K
  class space    used 10714K, capacity 10871K, committed 10880K, reserved 1048576K
GC Heap History (10 events):
Event: 16923.860 GC heap before
{Heap before GC invocations=2801 (full 991):
 PSYoungGen      total 54784K, used 50289K [0x00000007bc400000, 0x00000007c0000000, 0x00000007c0000000)
  eden space 48128K, 100% used [0x00000007bc400000,0x00000007bf300000,0x00000007bf300000)
  from space 6656K, 32% used [0x00000007bf300000,0x00000007bf51c6e0,0x00000007bf980000)
  to   space 6656K, 0% used [0x00000007bf980000,0x00000007bf980000,0x00000007c0000000)
 ParOldGen       total 161280K, used 105773K [0x0000000700000000, 0x0000000709d80000, 0x00000007bc400000)
  object space 161280K, 65% used [0x0000000700000000,0x000000070674b680,0x0000000709d80000)
 Metaspace       used 79354K, capacity 80137K, committed 80768K, reserved 1120256K
  class space    used 10714K, capacity 10871K, committed 10880K, reserved 1048576K
Event: 16923.865 GC heap after
Heap after GC invocations=2801 (full 991):
 PSYoungGen      total 54784K, used 2545K [0x00000007bc400000, 0x00000007c0000000, 0x00000007c0000000)
  eden space 48128K, 0% used [0x00000007bc400000,0x00000007bc400000,0x00000007bf300000)
  from space 6656K, 38% used [0x00000007bf980000,0x00000007bfbfc6e0,0x00000007c0000000)
  to   space 6656K, 0% used [0x00000007bf300000,0x00000007bf300000,0x00000007bf980000)
 ParOldGen       total 161280K, used 105821K [0x0000000700000000, 0x0000000709d80000, 0x00000007bc400000)
  object space 161280K, 65% used [0x0000000700000000,0x0000000706757680,0x0000000709d80000)
 Metaspace       used 79354K, capacity 80137K, committed 80768K, reserved 1120256K
  class space    used 10714K, capacity 10871K, committed 10880K, reserved 1048576K
}
Event: 16924.202 GC heap before
{Heap before GC invocations=2802 (full 991):
 PSYoungGen      total 54784K, used 50673K [0x00000007bc400000, 0x00000007c0000000, 0x00000007c0000000)
  eden space 48128K, 100% used [0x00000007bc400000,0x00000007bf300000,0x00000007bf300000)
  from space 6656K, 38% used [0x00000007bf980000,0x00000007bfbfc6e0,0x00000007c0000000)
  to   space 6656K, 0% used [0x00000007bf300000,0x00000007bf300000,0x00000007bf980000)
 ParOldGen       total 161280K, used 105821K [0x0000000700000000, 0x0000000709d80000, 0x00000007bc400000)
  object space 161280K, 65% used [0x0000000700000000,0x0000000706757680,0x0000000709d80000)
 Metaspace       used 79357K, capacity 80137K, committed 80768K, reserved 1120256K
  class space    used 10714K, capacity 10871K, committed 10880K, reserved 1048576K
Event: 16924.209 GC heap after
Heap after GC invocations=2802 (full 991):
 PSYoungGen      total 54784K, used 2720K [0x00000007bc400000, 0x00000007c0000000, 0x00000007c0000000)
  eden space 48128K, 0% used [0x00000007bc400000,0x00000007bc400000,0x00000007bf300000)
  from space 6656K, 40% used [0x00000007bf300000,0x00000007bf5a8000,0x00000007bf980000)
  to   space 6144K, 0% used [0x00000007bfa00000,0x00000007bfa00000,0x00000007c0000000)
 ParOldGen       total 161280K, used 106185K [0x0000000700000000, 0x0000000709d80000, 0x00000007bc400000)
  object space 161280K, 65% used [0x0000000700000000,0x00000007067b26e0,0x0000000709d80000)
 Metaspace       used 79357K, capacity 80137K, committed 80768K, reserved 1120256K
  class space    used 10714K, capacity 10871K, committed 10880K, reserved 1048576K
}
Event: 16924.422 GC heap before
{Heap before GC invocations=2803 (full 991):
 PSYoungGen      total 54784K, used 50848K [0x00000007bc400000, 0x00000007c0000000, 0x00000007c0000000)
  eden space 48128K, 100% used [0x00000007bc400000,0x00000007bf300000,0x00000007bf300000)
  from space 6656K, 40% used [0x00000007bf300000,0x00000007bf5a8000,0x00000007bf980000)
  to   space 6144K, 0% used [0x00000007bfa00000,0x00000007bfa00000,0x00000007c0000000)
 ParOldGen       total 161280K, used 106185K [0x0000000700000000, 0x0000000709d80000, 0x00000007bc400000)
  object space 161280K, 65% used [0x0000000700000000,0x00000007067b26e0,0x0000000709d80000)
 Metaspace       used 79357K, capacity 80137K, committed 80768K, reserved 1120256K
  class space    used 10714K, capacity 10871K, committed 10880K, reserved 1048576K
Event: 16924.427 GC heap after
Heap after GC invocations=2803 (full 991):
 PSYoungGen      total 55296K, used 2784K [0x00000007bc400000, 0x00000007c0000000, 0x00000007c0000000)
  eden space 49152K, 0% used [0x00000007bc400000,0x00000007bc400000,0x00000007bf400000)
  from space 6144K, 45% used [0x00000007bfa00000,0x00000007bfcb8000,0x00000007c0000000)
  to   space 6144K, 0% used [0x00000007bf400000,0x00000007bf400000,0x00000007bfa00000)
 ParOldGen       total 161280K, used 106353K [0x0000000700000000, 0x0000000709d80000, 0x00000007bc400000)
  object space 161280K, 65% used [0x0000000700000000,0x00000007067dc6f0,0x0000000709d80000)
 Metaspace       used 79357K, capacity 80137K, committed 80768K, reserved 1120256K
  class space    used 10714K, capacity 10871K, committed 10880K, reserved 1048576K
}
Event: 16925.653 GC heap before
{Heap before GC invocations=2804 (full 991):
 PSYoungGen      total 55296K, used 51936K [0x00000007bc400000, 0x00000007c0000000, 0x00000007c0000000)
  eden space 49152K, 100% used [0x00000007bc400000,0x00000007bf400000,0x00000007bf400000)
  from space 6144K, 45% used [0x00000007bfa00000,0x00000007bfcb8000,0x00000007c0000000)
  to   space 6144K, 0% used [0x00000007bf400000,0x00000007bf400000,0x00000007bfa00000)
 ParOldGen       total 161280K, used 106353K [0x0000000700000000, 0x0000000709d80000, 0x00000007bc400000)
  object space 161280K, 65% used [0x0000000700000000,0x00000007067dc6f0,0x0000000709d80000)
 Metaspace       used 79358K, capacity 80137K, committed 80768K, reserved 1120256K
  class space    used 10714K, capacity 10871K, committed 10880K, reserved 1048576K
Event: 16925.660 GC heap after
Heap after GC invocations=2804 (full 991):
 PSYoungGen      total 55296K, used 2752K [0x00000007bc400000, 0x00000007c0000000, 0x00000007c0000000)
  eden space 49152K, 0% used [0x00000007bc400000,0x00000007bc400000,0x00000007bf400000)
  from space 6144K, 44% used [0x00000007bf400000,0x00000007bf6b0000,0x00000007bfa00000)
  to   space 6144K, 0% used [0x00000007bfa00000,0x00000007bfa00000,0x00000007c0000000)
 ParOldGen       total 161280K, used 106459K [0x0000000700000000, 0x0000000709d80000, 0x00000007bc400000)
  object space 161280K, 66% used [0x0000000700000000,0x00000007067f6dd0,0x0000000709d80000)
 Metaspace       used 79358K, capacity 80137K, committed 80768K, reserved 1120256K
  class space    used 10714K, capacity 10871K, committed 10880K, reserved 1048576K
}
Event: 16927.172 GC heap before
{Heap before GC invocations=2805 (full 991):
 PSYoungGen      total 55296K, used 51904K [0x00000007bc400000, 0x00000007c0000000, 0x00000007c0000000)
  eden space 49152K, 100% used [0x00000007bc400000,0x00000007bf400000,0x00000007bf400000)
  from space 6144K, 44% used [0x00000007bf400000,0x00000007bf6b0000,0x00000007bfa00000)
  to   space 6144K, 0% used [0x00000007bfa00000,0x00000007bfa00000,0x00000007c0000000)
 ParOldGen       total 161280K, used 106459K [0x0000000700000000, 0x0000000709d80000, 0x00000007bc400000)
  object space 161280K, 66% used [0x0000000700000000,0x00000007067f6df0,0x0000000709d80000)
 Metaspace       used 79360K, capacity 80137K, committed 80768K, reserved 1120256K
  class space    used 10714K, capacity 10871K, committed 10880K, reserved 1048576K
Event: 16927.183 GC heap after
Heap after GC invocations=2805 (full 991):
 PSYoungGen      total 55808K, used 2208K [0x00000007bc400000, 0x00000007c0000000, 0x00000007c0000000)
  eden space 49664K, 0% used [0x00000007bc400000,0x00000007bc400000,0x00000007bf480000)
  from space 6144K, 35% used [0x00000007bfa00000,0x00000007bfc28000,0x00000007c0000000)
  to   space 5632K, 0% used [0x00000007bf480000,0x00000007bf480000,0x00000007bfa00000)
 ParOldGen       total 161280K, used 106835K [0x0000000700000000, 0x0000000709d80000, 0x00000007bc400000)
  object space 161280K, 66% used [0x0000000700000000,0x0000000706854e30,0x0000000709d80000)
 Metaspace       used 79360K, capacity 80137K, committed 80768K, reserved 1120256K
  class space    used 10714K, capacity 10871K, committed 10880K, reserved 1048576K
}

